mode: set
S3SyncGoogleDrive/internal/awsSDK/auth.go:21.53,23.2 1 1
S3SyncGoogleDrive/internal/awsSDK/auth.go:26.41,28.2 1 0
S3SyncGoogleDrive/internal/awsSDK/auth.go:31.43,37.16 3 1
S3SyncGoogleDrive/internal/awsSDK/auth.go:37.16,39.3 1 0
S3SyncGoogleDrive/internal/awsSDK/auth.go:40.2,40.12 1 1
S3SyncGoogleDrive/internal/awsSDK/auth.go:44.66,48.16 2 1
S3SyncGoogleDrive/internal/awsSDK/auth.go:48.16,50.3 1 0
S3SyncGoogleDrive/internal/awsSDK/auth.go:51.2,51.12 1 1
S3SyncGoogleDrive/internal/awsSDK/auth.go:55.30,57.2 1 0
S3SyncGoogleDrive/internal/awsSDK/auth.go:59.53,61.2 1 0
S3SyncGoogleDrive/internal/googlesdk/drive/progressBar.go:17.55,19.11 2 0
S3SyncGoogleDrive/internal/googlesdk/drive/progressBar.go:19.11,22.3 2 0
S3SyncGoogleDrive/internal/googlesdk/drive/progressBar.go:23.2,23.15 1 0
S3SyncGoogleDrive/internal/googlesdk/drive/progressBar.go:26.43,28.59 2 0
S3SyncGoogleDrive/internal/googlesdk/drive/progressBar.go:28.59,32.21 4 0
S3SyncGoogleDrive/internal/googlesdk/drive/progressBar.go:32.21,34.4 1 0
S3SyncGoogleDrive/internal/googlesdk/drive/progressBar.go:38.48,43.2 4 0
S3SyncGoogleDrive/internal/googlesdk/drive/upload.go:23.40,24.11 1 1
S3SyncGoogleDrive/internal/googlesdk/drive/upload.go:24.11,26.3 1 0
S3SyncGoogleDrive/internal/googlesdk/drive/upload.go:35.56,39.2 1 1
S3SyncGoogleDrive/internal/googlesdk/drive/upload.go:41.73,46.20 2 1
S3SyncGoogleDrive/internal/googlesdk/drive/upload.go:46.20,48.3 1 1
S3SyncGoogleDrive/internal/googlesdk/drive/upload.go:49.2,50.16 2 1
S3SyncGoogleDrive/internal/googlesdk/drive/upload.go:50.16,52.3 1 0
S3SyncGoogleDrive/internal/googlesdk/drive/upload.go:53.2,54.18 2 1
S3SyncGoogleDrive/internal/googlesdk/drive/upload.go:57.79,66.43 2 1
S3SyncGoogleDrive/internal/googlesdk/drive/upload.go:66.43,68.40 2 1
S3SyncGoogleDrive/internal/googlesdk/drive/upload.go:68.40,70.4 1 1
S3SyncGoogleDrive/internal/googlesdk/drive/upload.go:71.3,71.53 1 1
S3SyncGoogleDrive/internal/googlesdk/drive/upload.go:81.2,85.39 4 1
S3SyncGoogleDrive/internal/googlesdk/drive/upload.go:85.39,87.3 1 0
S3SyncGoogleDrive/internal/googlesdk/drive/upload.go:88.2,88.45 1 1
S3SyncGoogleDrive/internal/googlesdk/drive/upload.go:91.76,93.65 2 1
S3SyncGoogleDrive/internal/googlesdk/drive/upload.go:93.65,94.19 1 1
S3SyncGoogleDrive/internal/googlesdk/drive/upload.go:94.19,96.4 1 1
S3SyncGoogleDrive/internal/googlesdk/drive/upload.go:98.2,98.17 1 1
S3SyncGoogleDrive/internal/googlesdk/drive/upload.go:101.76,109.16 6 1
S3SyncGoogleDrive/internal/googlesdk/drive/upload.go:109.16,112.3 2 0
S3SyncGoogleDrive/internal/googlesdk/drive/upload.go:114.2,114.25 1 1
S3SyncGoogleDrive/internal/googlesdk/drive/upload.go:114.25,117.3 2 1
S3SyncGoogleDrive/internal/googlesdk/drive/upload.go:118.2,119.14 2 1
S3SyncGoogleDrive/internal/googlesdk/drive/upload.go:122.113,123.61 1 1
S3SyncGoogleDrive/internal/googlesdk/drive/upload.go:123.61,126.3 2 0
S3SyncGoogleDrive/internal/googlesdk/drive/upload.go:127.2,132.16 4 1
S3SyncGoogleDrive/internal/googlesdk/drive/upload.go:132.16,135.3 2 0
S3SyncGoogleDrive/internal/googlesdk/drive/upload.go:136.2,157.16 10 1
S3SyncGoogleDrive/internal/googlesdk/drive/upload.go:157.16,160.3 2 0
S3SyncGoogleDrive/internal/googlesdk/drive/upload.go:162.2,163.12 2 1
S3SyncGoogleDrive/internal/googlesdk/drive/upload.go:166.45,167.32 1 1
S3SyncGoogleDrive/internal/googlesdk/drive/upload.go:168.14,169.21 1 1
S3SyncGoogleDrive/internal/googlesdk/drive/upload.go:170.23,171.22 1 1
S3SyncGoogleDrive/internal/googlesdk/drive/upload.go:172.14,173.21 1 1
S3SyncGoogleDrive/internal/googlesdk/drive/upload.go:174.10,175.36 1 1
S3SyncGoogleDrive/internal/awsSDK/s3/S3.go:34.70,39.2 1 1
S3SyncGoogleDrive/internal/awsSDK/s3/S3.go:42.37,48.2 5 0
S3SyncGoogleDrive/internal/awsSDK/s3/S3.go:51.89,58.16 3 1
S3SyncGoogleDrive/internal/awsSDK/s3/S3.go:58.16,61.3 2 1
S3SyncGoogleDrive/internal/awsSDK/s3/S3.go:63.2,64.27 2 1
S3SyncGoogleDrive/internal/awsSDK/s3/S3.go:68.68,75.16 3 1
S3SyncGoogleDrive/internal/awsSDK/s3/S3.go:75.16,78.3 2 0
S3SyncGoogleDrive/internal/awsSDK/s3/S3.go:80.2,81.45 2 1
S3SyncGoogleDrive/internal/awsSDK/s3/S3.go:81.45,83.3 1 1
S3SyncGoogleDrive/internal/awsSDK/s3/S3.go:84.2,85.21 2 1
S3SyncGoogleDrive/internal/awsSDK/s3/S3.go:89.73,95.16 2 1
S3SyncGoogleDrive/internal/awsSDK/s3/S3.go:95.16,98.3 2 1
S3SyncGoogleDrive/internal/awsSDK/s3/S3.go:100.2,100.21 1 1
S3SyncGoogleDrive/internal/googlesdk/auth.go:26.60,28.2 1 0
S3SyncGoogleDrive/internal/googlesdk/auth.go:30.82,32.2 1 0
S3SyncGoogleDrive/internal/googlesdk/auth.go:40.45,42.2 1 1
S3SyncGoogleDrive/internal/googlesdk/auth.go:45.43,47.2 1 0
S3SyncGoogleDrive/internal/googlesdk/auth.go:49.39,69.16 10 0
S3SyncGoogleDrive/internal/googlesdk/auth.go:69.16,71.3 1 0
S3SyncGoogleDrive/internal/googlesdk/auth.go:73.2,76.40 3 0
S3SyncGoogleDrive/internal/googlesdk/auth.go:79.61,81.16 2 1
S3SyncGoogleDrive/internal/googlesdk/auth.go:81.16,83.3 1 0
S3SyncGoogleDrive/internal/googlesdk/auth.go:83.8,85.3 1 1
S3SyncGoogleDrive/internal/googlesdk/auth.go:88.58,93.16 3 0
S3SyncGoogleDrive/internal/googlesdk/auth.go:93.16,95.3 1 0
S3SyncGoogleDrive/internal/googlesdk/auth.go:96.2,110.16 6 0
S3SyncGoogleDrive/internal/googlesdk/auth.go:110.16,112.3 1 0
S3SyncGoogleDrive/internal/googlesdk/auth.go:114.2,115.29 2 0
S3SyncGoogleDrive/internal/googlesdk/auth.go:118.56,122.16 3 1
S3SyncGoogleDrive/internal/googlesdk/auth.go:122.16,124.3 1 0
S3SyncGoogleDrive/internal/googlesdk/auth.go:126.2,137.16 5 1
S3SyncGoogleDrive/internal/googlesdk/auth.go:137.16,139.3 1 0
S3SyncGoogleDrive/internal/googlesdk/auth.go:140.2,140.12 1 1
S3SyncGoogleDrive/internal/googlesdk/auth.go:144.22,146.2 1 0
S3SyncGoogleDrive/internal/googlesdk/auth.go:148.41,150.2 1 0
S3SyncGoogleDrive/internal/googlesdk/auth.go:152.39,154.2 1 0
S3SyncGoogleDrive/internal/configs/initConfig.go:31.36,38.45 6 1
S3SyncGoogleDrive/internal/configs/initConfig.go:38.45,40.3 1 1
S3SyncGoogleDrive/internal/configs/initConfig.go:42.2,42.49 1 1
S3SyncGoogleDrive/internal/configs/initConfig.go:42.49,44.3 1 0
S3SyncGoogleDrive/internal/configs/initConfig.go:46.2,46.12 1 1
S3SyncGoogleDrive/internal/pkg/progressReader/progress.go:13.44,17.2 1 1
S3SyncGoogleDrive/internal/pkg/progressReader/progress.go:19.35,21.2 1 1
S3SyncGoogleDrive/internal/pkg/progressReader/progress.go:23.74,31.2 1 1
S3SyncGoogleDrive/internal/pkg/progressReader/progress.go:33.80,35.2 1 1
S3SyncGoogleDrive/cmd/main.go:19.40,20.11 1 0
S3SyncGoogleDrive/cmd/main.go:20.11,22.3 1 0
S3SyncGoogleDrive/cmd/main.go:25.13,26.47 1 0
S3SyncGoogleDrive/cmd/main.go:26.47,28.3 1 0
S3SyncGoogleDrive/cmd/main.go:30.2,40.21 7 0
S3SyncGoogleDrive/cmd/main.go:40.21,42.3 1 0
S3SyncGoogleDrive/cmd/main.go:44.2,45.37 2 0
S3SyncGoogleDrive/cmd/main.go:45.37,47.3 1 0
S3SyncGoogleDrive/cmd/main.go:49.2,50.16 2 0
S3SyncGoogleDrive/cmd/main.go:50.16,52.3 1 0
S3SyncGoogleDrive/cmd/main.go:53.2,59.30 5 0
S3SyncGoogleDrive/cmd/main.go:59.30,67.55 6 0
S3SyncGoogleDrive/cmd/main.go:67.55,69.17 2 0
S3SyncGoogleDrive/cmd/main.go:69.17,69.32 1 0
S3SyncGoogleDrive/cmd/main.go:71.4,72.18 2 0
S3SyncGoogleDrive/cmd/main.go:72.18,75.5 2 0
S3SyncGoogleDrive/cmd/main.go:77.4,81.60 4 0
S3SyncGoogleDrive/cmd/main.go:81.60,84.5 2 0
S3SyncGoogleDrive/cmd/main.go:86.4,88.18 3 0
S3SyncGoogleDrive/cmd/main.go:88.18,90.5 1 0
S3SyncGoogleDrive/cmd/main.go:94.2,96.39 3 0
